0 info it worked if it ends with ok
1 verbose cli [ '/usr/bin/node', '/usr/bin/npm', 'install', '-g', 'gulp' ]
2 info using npm@1.4.28
3 info using node@v0.10.38
4 verbose node symlink /usr/bin/node
5 verbose cache add [ 'gulp', null ]
6 verbose cache add name=undefined spec="gulp" args=["gulp",null]
7 verbose parsed url { protocol: null,
7 verbose parsed url   slashes: null,
7 verbose parsed url   auth: null,
7 verbose parsed url   host: null,
7 verbose parsed url   port: null,
7 verbose parsed url   hostname: null,
7 verbose parsed url   hash: null,
7 verbose parsed url   search: null,
7 verbose parsed url   query: null,
7 verbose parsed url   pathname: 'gulp',
7 verbose parsed url   path: 'gulp',
7 verbose parsed url   href: 'gulp' }
8 silly lockFile 9750c68d-gulp gulp
9 verbose lock gulp /home/daniel/.npm/9750c68d-gulp.lock
10 silly lockFile 9750c68d-gulp gulp
11 silly lockFile 9750c68d-gulp gulp
12 verbose addNamed [ 'gulp', '' ]
13 verbose addNamed [ null, '*' ]
14 silly lockFile 72f4391e-gulp gulp@
15 verbose lock gulp@ /home/daniel/.npm/72f4391e-gulp.lock
16 silly addNameRange { name: 'gulp', range: '*', hasData: false }
17 verbose request where is /gulp
18 verbose request registry https://registry.npmjs.org/
19 verbose request id 501a48ec6763e442
20 verbose url raw /gulp
21 verbose url resolving [ 'https://registry.npmjs.org/', './gulp' ]
22 verbose url resolved https://registry.npmjs.org/gulp
23 verbose request where is https://registry.npmjs.org/gulp
24 info trying registry request attempt 1 at 19:55:19
25 verbose etag "8B7HLDGQ1HM1JF832RZAXSPN"
26 http GET https://registry.npmjs.org/gulp
27 http 304 https://registry.npmjs.org/gulp
28 silly registry.get cb [ 304,
28 silly registry.get   { date: 'Fri, 19 Jun 2015 22:55:20 GMT',
28 silly registry.get     via: '1.1 varnish',
28 silly registry.get     'cache-control': 'max-age=60',
28 silly registry.get     etag: '"8B7HLDGQ1HM1JF832RZAXSPN"',
28 silly registry.get     age: '17',
28 silly registry.get     connection: 'keep-alive',
28 silly registry.get     'x-served-by': 'cache-jfk1022-JFK',
28 silly registry.get     'x-cache': 'HIT',
28 silly registry.get     'x-cache-hits': '1',
28 silly registry.get     'x-timer': 'S1434754520.890277,VS0,VE1',
28 silly registry.get     vary: 'Accept' } ]
29 verbose etag https://registry.npmjs.org/gulp from cache
30 silly addNameRange number 2 { name: 'gulp', range: '*', hasData: true }
31 silly addNameRange versions [ 'gulp',
31 silly addNameRange   [ '0.0.1',
31 silly addNameRange     '0.0.2',
31 silly addNameRange     '0.0.3',
31 silly addNameRange     '0.0.4',
31 silly addNameRange     '0.0.5',
31 silly addNameRange     '0.0.7',
31 silly addNameRange     '0.0.8',
31 silly addNameRange     '0.0.9',
31 silly addNameRange     '0.1.0',
31 silly addNameRange     '0.2.0',
31 silly addNameRange     '1.0.0',
31 silly addNameRange     '1.1.0',
31 silly addNameRange     '1.2.0',
31 silly addNameRange     '1.2.1',
31 silly addNameRange     '2.0.0',
31 silly addNameRange     '2.0.1',
31 silly addNameRange     '2.1.0',
31 silly addNameRange     '2.2.0',
31 silly addNameRange     '2.3.0',
31 silly addNameRange     '2.4.0',
31 silly addNameRange     '2.4.1',
31 silly addNameRange     '2.6.0',
31 silly addNameRange     '2.6.1',
31 silly addNameRange     '2.7.0',
31 silly addNameRange     '3.0.0',
31 silly addNameRange     '3.1.1',
31 silly addNameRange     '3.1.2',
31 silly addNameRange     '3.1.3',
31 silly addNameRange     '3.1.4',
31 silly addNameRange     '3.2.0',
31 silly addNameRange     '3.2.1',
31 silly addNameRange     '3.2.2',
31 silly addNameRange     '3.2.3',
31 silly addNameRange     '3.2.4',
31 silly addNameRange     '3.2.5',
31 silly addNameRange     '3.3.0',
31 silly addNameRange     '3.3.1',
31 silly addNameRange     '3.3.2',
31 silly addNameRange     '3.3.4',
31 silly addNameRange     '3.4.0',
31 silly addNameRange     '3.5.0',
31 silly addNameRange     '3.5.1',
31 silly addNameRange     '3.5.2',
31 silly addNameRange     '3.5.5',
31 silly addNameRange     '3.5.6',
31 silly addNameRange     '3.6.0',
31 silly addNameRange     '3.6.1',
31 silly addNameRange     '3.6.2',
31 silly addNameRange     '3.7.0',
31 silly addNameRange     '3.8.0',
31 silly addNameRange     '3.8.1',
31 silly addNameRange     '3.8.2',
31 silly addNameRange     '3.8.3',
31 silly addNameRange     '3.8.4',
31 silly addNameRange     '3.8.5',
31 silly addNameRange     '3.8.6',
31 silly addNameRange     '3.8.7',
31 silly addNameRange     '3.8.8',
31 silly addNameRange     '3.8.9',
31 silly addNameRange     '3.8.10',
31 silly addNameRange     '3.8.11',
31 silly addNameRange     '3.9.0' ] ]
32 verbose addNamed [ 'gulp', '3.9.0' ]
33 verbose addNamed [ '3.9.0', '3.9.0' ]
34 silly lockFile c2697a61-gulp-3-9-0 gulp@3.9.0
35 verbose lock gulp@3.9.0 /home/daniel/.npm/c2697a61-gulp-3-9-0.lock
36 silly lockFile af4766b8-ry-npmjs-org-gulp-gulp-3-9-0-tgz https://registry.npmjs.org/gulp/-/gulp-3.9.0.tgz
37 verbose lock https://registry.npmjs.org/gulp/-/gulp-3.9.0.tgz /home/daniel/.npm/af4766b8-ry-npmjs-org-gulp-gulp-3-9-0-tgz.lock
38 verbose addRemoteTarball [ 'https://registry.npmjs.org/gulp/-/gulp-3.9.0.tgz',
38 verbose addRemoteTarball   'cf1fba4cb558bb8c6ae6c9613f583ae2620d214a' ]
39 info retry fetch attempt 1 at 19:55:20
40 verbose fetch to= /tmp/daniel/npm-9882-8hw8RqJb/registry.npmjs.org/gulp/-/gulp-3.9.0.tgz
41 http GET https://registry.npmjs.org/gulp/-/gulp-3.9.0.tgz
42 http 200 https://registry.npmjs.org/gulp/-/gulp-3.9.0.tgz
43 silly lockFile af4766b8-ry-npmjs-org-gulp-gulp-3-9-0-tgz https://registry.npmjs.org/gulp/-/gulp-3.9.0.tgz
44 silly lockFile af4766b8-ry-npmjs-org-gulp-gulp-3-9-0-tgz https://registry.npmjs.org/gulp/-/gulp-3.9.0.tgz
45 silly lockFile c2697a61-gulp-3-9-0 gulp@3.9.0
46 silly lockFile c2697a61-gulp-3-9-0 gulp@3.9.0
47 silly lockFile 72f4391e-gulp gulp@
48 silly lockFile 72f4391e-gulp gulp@
49 error Error: EACCES, mkdir '/home/daniel/.npm/gulp/3.9.0'
49 error  { [Error: EACCES, mkdir '/home/daniel/.npm/gulp/3.9.0']
49 error   errno: 3,
49 error   code: 'EACCES',
49 error   path: '/home/daniel/.npm/gulp/3.9.0' }
50 error Please try running this command again as root/Administrator.
51 error System Linux 3.13.0-55-generic
52 error command "/usr/bin/node" "/usr/bin/npm" "install" "-g" "gulp"
53 error cwd /home/daniel/projetos/angular-gulp-template
54 error node -v v0.10.38
55 error npm -v 1.4.28
56 error path /home/daniel/.npm/gulp/3.9.0
57 error code EACCES
58 error errno 3
59 error stack Error: EACCES, mkdir '/home/daniel/.npm/gulp/3.9.0'
60 verbose exit [ 3, true ]
